<?xml version="1.0" encoding="UTF-8"?>
<testng-results ignored="0" total="1" passed="1" failed="0" skipped="0">
  <reporter-output>
    <line>
      <![CDATA[mngr410597]]>
    </line>
    <line>
      <![CDATA[tAzEhEg]]>
    </line>
    <line>
      <![CDATA[tjvkG@gmail.com]]>
    </line>
  </reporter-output>
  <suite started-at="2022-06-10T13:12:37 IST" name="Suite" finished-at="2022-06-10T13:12:56 IST" duration-ms="18691">
    <groups>
    </groups>
    <test started-at="2022-06-10T13:12:37 IST" name="TestwithChrome" finished-at="2022-06-10T13:12:56 IST" duration-ms="18691">
      <class name="com.hybridFramework.testCases.TC_AddNewCustomer_01">
        <test-method is-config="true" signature="setUp(java.lang.String)[pri:0, instance:com.hybridFramework.testCases.TC_AddNewCustomer_01@f736069]" started-at="2022-06-10T13:12:37 IST" name="setUp" finished-at="2022-06-10T13:12:43 IST" duration-ms="6248" status="PASS">
          <params>
            <param index="0">
              <value>
                <![CDATA[chrome]]>
              </value>
            </param>
          </params>
          <reporter-output>
          </reporter-output>
        </test-method> <!-- setUp -->
        <test-method signature="addNewCustomer()[pri:0, instance:com.hybridFramework.testCases.TC_AddNewCustomer_01@f736069]" started-at="2022-06-10T13:12:43 IST" name="addNewCustomer" finished-at="2022-06-10T13:12:55 IST" duration-ms="11528" status="PASS">
          <reporter-output>
            <line>
              <![CDATA[mngr410597]]>
            </line>
            <line>
              <![CDATA[tAzEhEg]]>
            </line>
            <line>
              <![CDATA[tjvkG@gmail.com]]>
            </line>
          </reporter-output>
        </test-method> <!-- addNewCustomer -->
        <test-method is-config="true" signature="tearDown()[pri:0, instance:com.hybridFramework.testCases.TC_AddNewCustomer_01@f736069]" started-at="2022-06-10T13:12:55 IST" name="tearDown" finished-at="2022-06-10T13:12:56 IST" duration-ms="697" status="PASS">
          <reporter-output>
          </reporter-output>
        </test-method> <!-- tearDown -->
      </class> <!-- com.hybridFramework.testCases.TC_AddNewCustomer_01 -->
    </test> <!-- TestwithChrome -->
  </suite> <!-- Suite -->
</testng-results>
